<?xml version="1.0" encoding="UTF-8"?>
<!-- Generated by org.testng.reporters.JUnitReportReporter -->
<testsuite skipped="0" hostname="5CD110DGDQ" name="com.seasy.ui.tests.JQuerySelectDropDownTest" tests="7" failures="2" timestamp="2021-11-11T22:55:48 EET" time="23.318" errors="0">
  <testcase name="checkSelectedCountry" time="1.622" classname="com.seasy.ui.tests.JQuerySelectDropDownTest"/>
  <system-out/>
  <testcase name="checkNoResultFound" time="1.247" classname="com.seasy.ui.tests.JQuerySelectDropDownTest"/>
  <system-out/>
  <testcase name="checkCategoriesOptionsInNotEmpty" time="1.717" classname="com.seasy.ui.tests.JQuerySelectDropDownTest"/>
  <system-out/>
  <testcase name="checkCategoriesOptions" time="5.422" classname="com.seasy.ui.tests.JQuerySelectDropDownTest">
    <failure type="com.codeborne.selenide.ex.ElementNotFound" message="Element not found {optgroup.findBy(text &#039;Scripting languages&#039;)}
Expected: exist
Screenshot: file:/C:/Users/kbuch/Desktop/test-project/ui-tests/build/reports/tests/1636664108365.2.png
Page source: file:/C:/Users/kbuch/Desktop/test-project/ui-tests/build/reports/tests/1636664108365.2.html
Timeout: 4 s.
Caused by: Element not found {optgroup.findBy(text &#039;Scripting languages&#039;)}
Expected: text &#039;Scripting languages&#039;
Timeout: 0 ms.">
      <![CDATA[Element not found {optgroup.findBy(text 'Scripting languages')}
Expected: exist
Screenshot: file:/C:/Users/kbuch/Desktop/test-project/ui-tests/build/reports/tests/1636664108365.2.png
Page source: file:/C:/Users/kbuch/Desktop/test-project/ui-tests/build/reports/tests/1636664108365.2.html
Timeout: 4 s.
Caused by: Element not found {optgroup.findBy(text 'Scripting languages')}
Expected: text 'Scripting languages'
Timeout: 0 ms.
at com.codeborne.selenide.impl.WebElementSource.createElementNotFoundError(WebElementSource.java:83)
at com.codeborne.selenide.impl.WebElementSource.checkCondition(WebElementSource.java:114)
at com.codeborne.selenide.commands.Should.execute(Should.java:30)
at com.codeborne.selenide.commands.Should.execute(Should.java:14)
at com.codeborne.selenide.commands.Commands.execute(Commands.java:155)
at com.codeborne.selenide.impl.SelenideElementProxy.dispatchAndRetry(SelenideElementProxy.java:133)
at com.codeborne.selenide.impl.SelenideElementProxy.invoke(SelenideElementProxy.java:85)
at com.sun.proxy.$Proxy3.should(Unknown Source)
at com.seasy.ui.pages.JQuerySelectDropDownPage.checkSubCategories(JQuerySelectDropDownPage.java:103)
at com.seasy.ui.tests.JQuerySelectDropDownTest.checkCategoriesOptions(JQuerySelectDropDownTest.java:56)
at sun.reflect.NativeMethodAccessorImpl.invoke0(Native Method)
at sun.reflect.NativeMethodAccessorImpl.invoke(NativeMethodAccessorImpl.java:62)
at sun.reflect.DelegatingMethodAccessorImpl.invoke(DelegatingMethodAccessorImpl.java:43)
at java.lang.reflect.Method.invoke(Method.java:498)
at org.testng.internal.MethodInvocationHelper.invokeMethod(MethodInvocationHelper.java:133)
at org.testng.internal.TestInvoker.invokeMethod(TestInvoker.java:598)
at org.testng.internal.TestInvoker.invokeTestMethod(TestInvoker.java:173)
at org.testng.internal.MethodRunner.runInSequence(MethodRunner.java:46)
at org.testng.internal.TestInvoker$MethodInvocationAgent.invoke(TestInvoker.java:824)
at org.testng.internal.TestInvoker.invokeTestMethods(TestInvoker.java:146)
at org.testng.internal.TestMethodWorker.invokeTestMethods(TestMethodWorker.java:146)
at org.testng.internal.TestMethodWorker.run(TestMethodWorker.java:128)
at java.util.ArrayList.forEach(ArrayList.java:1259)
at org.testng.TestRunner.privateRun(TestRunner.java:794)
at org.testng.TestRunner.run(TestRunner.java:596)
at org.testng.SuiteRunner.runTest(SuiteRunner.java:377)
at org.testng.SuiteRunner.runSequentially(SuiteRunner.java:371)
at org.testng.SuiteRunner.privateRun(SuiteRunner.java:332)
at org.testng.SuiteRunner.run(SuiteRunner.java:276)
at org.testng.SuiteRunnerWorker.runSuite(SuiteRunnerWorker.java:53)
at org.testng.SuiteRunnerWorker.run(SuiteRunnerWorker.java:96)
at org.testng.TestNG.runSuitesSequentially(TestNG.java:1212)
at org.testng.TestNG.runSuitesLocally(TestNG.java:1134)
at org.testng.TestNG.runSuites(TestNG.java:1063)
at org.testng.TestNG.run(TestNG.java:1031)
at org.apache.maven.surefire.testng.TestNGExecutor.run(TestNGExecutor.java:135)
at org.apache.maven.surefire.testng.TestNGDirectoryTestSuite.executeMulti(TestNGDirectoryTestSuite.java:193)
at org.apache.maven.surefire.testng.TestNGDirectoryTestSuite.execute(TestNGDirectoryTestSuite.java:94)
at org.apache.maven.surefire.testng.TestNGProvider.invoke(TestNGProvider.java:146)
at org.apache.maven.surefire.booter.ForkedBooter.invokeProviderInSameClassLoader(ForkedBooter.java:384)
at org.apache.maven.surefire.booter.ForkedBooter.runSuitesInProcess(ForkedBooter.java:345)
at org.apache.maven.surefire.booter.ForkedBooter.execute(ForkedBooter.java:126)
at org.apache.maven.surefire.booter.ForkedBooter.main(ForkedBooter.java:418)
Caused by: Element not found {optgroup.findBy(text 'Scripting languages')}
Expected: text 'Scripting languages'
Timeout: 0 ms.
at com.codeborne.selenide.impl.CollectionElementByCondition.getWebElement(CollectionElementByCondition.java:53)
at com.codeborne.selenide.impl.WebElementSource.checkCondition(WebElementSource.java:99)
... 41 more
]]>
    </failure>
  </testcase> <!-- checkCategoriesOptions -->
  <system-out/>
  <testcase name="checkSelectedRandomItems" time="1.006" classname="com.seasy.ui.tests.JQuerySelectDropDownTest"/>
  <system-out/>
  <testcase name="checkSelectedState" time="10.390" classname="com.seasy.ui.tests.JQuerySelectDropDownTest">
    <failure type="com.codeborne.selenide.ex.ElementShouldNot" message="Element should not have attribute class=&quot;select2-selection__choice&quot; {$$(1 elements)[0]}
Element: &#039;&lt;li class=&quot;select2-selection__choice&quot; title=&quot;Iowa&quot; type value=&quot;0&quot;&gt;×Iowa&lt;/li&gt;&#039;
Actual value: class=&quot;select2-selection__choice&quot;
Screenshot: file:/C:/Users/kbuch/Desktop/test-project/ui-tests/build/reports/tests/1636664124455.3.png
Page source: file:/C:/Users/kbuch/Desktop/test-project/ui-tests/build/reports/tests/1636664124455.3.html
Timeout: 4 s.">
      <![CDATA[Element should not have attribute class="select2-selection__choice" {$$(1 elements)[0]}
Element: '<li class="select2-selection__choice" title="Iowa" type value="0">×Iowa</li>'
Actual value: class="select2-selection__choice"
Screenshot: file:/C:/Users/kbuch/Desktop/test-project/ui-tests/build/reports/tests/1636664124455.3.png
Page source: file:/C:/Users/kbuch/Desktop/test-project/ui-tests/build/reports/tests/1636664124455.3.html
Timeout: 4 s.
at com.codeborne.selenide.impl.WebElementSource.checkCondition(WebElementSource.java:118)
at com.codeborne.selenide.commands.ShouldNot.execute(ShouldNot.java:30)
at com.codeborne.selenide.commands.ShouldNot.execute(ShouldNot.java:14)
at com.codeborne.selenide.commands.Commands.execute(Commands.java:155)
at com.codeborne.selenide.impl.SelenideElementProxy.dispatchAndRetry(SelenideElementProxy.java:133)
at com.codeborne.selenide.impl.SelenideElementProxy.invoke(SelenideElementProxy.java:85)
at com.sun.proxy.$Proxy3.shouldNotHave(Unknown Source)
at com.seasy.ui.pages.JQuerySelectDropDownPage.lambda$checkEmptyMultipleDropDown$0(JQuerySelectDropDownPage.java:69)
at java.lang.Iterable.forEach(Iterable.java:75)
at com.seasy.ui.pages.JQuerySelectDropDownPage.checkEmptyMultipleDropDown(JQuerySelectDropDownPage.java:69)
at com.seasy.ui.tests.JQuerySelectDropDownTest.checkSelectedState(JQuerySelectDropDownTest.java:24)
at sun.reflect.NativeMethodAccessorImpl.invoke0(Native Method)
at sun.reflect.NativeMethodAccessorImpl.invoke(NativeMethodAccessorImpl.java:62)
at sun.reflect.DelegatingMethodAccessorImpl.invoke(DelegatingMethodAccessorImpl.java:43)
at java.lang.reflect.Method.invoke(Method.java:498)
at org.testng.internal.MethodInvocationHelper.invokeMethod(MethodInvocationHelper.java:133)
at org.testng.internal.TestInvoker.invokeMethod(TestInvoker.java:598)
at org.testng.internal.TestInvoker.invokeTestMethod(TestInvoker.java:173)
at org.testng.internal.MethodRunner.runInSequence(MethodRunner.java:46)
at org.testng.internal.TestInvoker$MethodInvocationAgent.invoke(TestInvoker.java:824)
at org.testng.internal.TestInvoker.invokeTestMethods(TestInvoker.java:146)
at org.testng.internal.TestMethodWorker.invokeTestMethods(TestMethodWorker.java:146)
at org.testng.internal.TestMethodWorker.run(TestMethodWorker.java:128)
at java.util.ArrayList.forEach(ArrayList.java:1259)
at org.testng.TestRunner.privateRun(TestRunner.java:794)
at org.testng.TestRunner.run(TestRunner.java:596)
at org.testng.SuiteRunner.runTest(SuiteRunner.java:377)
at org.testng.SuiteRunner.runSequentially(SuiteRunner.java:371)
at org.testng.SuiteRunner.privateRun(SuiteRunner.java:332)
at org.testng.SuiteRunner.run(SuiteRunner.java:276)
at org.testng.SuiteRunnerWorker.runSuite(SuiteRunnerWorker.java:53)
at org.testng.SuiteRunnerWorker.run(SuiteRunnerWorker.java:96)
at org.testng.TestNG.runSuitesSequentially(TestNG.java:1212)
at org.testng.TestNG.runSuitesLocally(TestNG.java:1134)
at org.testng.TestNG.runSuites(TestNG.java:1063)
at org.testng.TestNG.run(TestNG.java:1031)
at org.apache.maven.surefire.testng.TestNGExecutor.run(TestNGExecutor.java:135)
at org.apache.maven.surefire.testng.TestNGDirectoryTestSuite.executeMulti(TestNGDirectoryTestSuite.java:193)
at org.apache.maven.surefire.testng.TestNGDirectoryTestSuite.execute(TestNGDirectoryTestSuite.java:94)
at org.apache.maven.surefire.testng.TestNGProvider.invoke(TestNGProvider.java:146)
at org.apache.maven.surefire.booter.ForkedBooter.invokeProviderInSameClassLoader(ForkedBooter.java:384)
at org.apache.maven.surefire.booter.ForkedBooter.runSuitesInProcess(ForkedBooter.java:345)
at org.apache.maven.surefire.booter.ForkedBooter.execute(ForkedBooter.java:126)
at org.apache.maven.surefire.booter.ForkedBooter.main(ForkedBooter.java:418)
]]>
    </failure>
  </testcase> <!-- checkSelectedState -->
  <system-out/>
  <testcase name="checkSelectedUsTerritories" time="1.914" classname="com.seasy.ui.tests.JQuerySelectDropDownTest"/>
  <system-out/>
</testsuite> <!-- com.seasy.ui.tests.JQuerySelectDropDownTest -->
