<?xml version="1.0" encoding="UTF-8"?>
<!-- Generated by org.testng.reporters.JUnitReportReporter -->
<testsuite skipped="1" hostname="5CD110DGDQ" name="com.seasy.ui.tests.form.tests.JQuerySelectDropDownTests" tests="7" failures="0" timestamp="2022-02-20T16:41:24 EET" time="6.795" errors="1">
  <testcase name="checkCategoriesOptionsInNotEmpty" time="1.285" classname="com.seasy.ui.tests.form.tests.JQuerySelectDropDownTests"/>
  <system-out/>
  <testcase name="checkSelectedUsTerritories" time="0.001" classname="com.seasy.ui.tests.form.tests.JQuerySelectDropDownTests">
    <error type="org.testng.internal.reflect.MethodMatcherException" message="
[public void com.seasy.ui.tests.form.tests.JQuerySelectDropDownTests.checkSelectedUsTerritories(java.lang.String,java.lang.String)] has no parameters defined but was found to be using a data provider (either explicitly specified or inherited from class level annotation).
Data provider mismatch
Method: checkSelectedUsTerritories([Parameter{index=0, type=java.lang.String, declaredAnnotations=[@org.testng.annotations.Optional(value=Select US Outlying Territories)]}, Parameter{index=1, type=java.lang.String, declaredAnnotations=[]}])
Arguments: [(java.lang.String) Puerto Rico]">
      <![CDATA[org.testng.internal.reflect.MethodMatcherException: 
[public void com.seasy.ui.tests.form.tests.JQuerySelectDropDownTests.checkSelectedUsTerritories(java.lang.String,java.lang.String)] has no parameters defined but was found to be using a data provider (either explicitly specified or inherited from class level annotation).
Data provider mismatch
Method: checkSelectedUsTerritories([Parameter{index=0, type=java.lang.String, declaredAnnotations=[@org.testng.annotations.Optional(value=Select US Outlying Territories)]}, Parameter{index=1, type=java.lang.String, declaredAnnotations=[]}])
Arguments: [(java.lang.String) Puerto Rico]
at org.testng.internal.reflect.DataProviderMethodMatcher.getConformingArguments(DataProviderMethodMatcher.java:43)
at org.testng.internal.Parameters.injectParameters(Parameters.java:914)
at org.testng.internal.MethodRunner.runInSequence(MethodRunner.java:34)
at org.testng.internal.TestInvoker$MethodInvocationAgent.invoke(TestInvoker.java:824)
at org.testng.internal.TestInvoker.invokeTestMethods(TestInvoker.java:146)
at org.testng.internal.TestMethodWorker.invokeTestMethods(TestMethodWorker.java:146)
at org.testng.internal.TestMethodWorker.run(TestMethodWorker.java:128)
at java.util.concurrent.ThreadPoolExecutor.runWorker(ThreadPoolExecutor.java:1149)
at java.util.concurrent.ThreadPoolExecutor$Worker.run(ThreadPoolExecutor.java:624)
at java.lang.Thread.run(Thread.java:748)
]]>
    </error>
  </testcase> <!-- checkSelectedUsTerritories -->
  <system-out/>
  <testcase name="checkSelectedRandomItems" time="1.127" classname="com.seasy.ui.tests.form.tests.JQuerySelectDropDownTests"/>
  <system-out/>
  <testcase name="checkCategoriesOptions" time="1.030" classname="com.seasy.ui.tests.form.tests.JQuerySelectDropDownTests"/>
  <system-out/>
  <testcase name="checkSelectedCountry" time="1.686" classname="com.seasy.ui.tests.form.tests.JQuerySelectDropDownTests"/>
  <system-out/>
  <testcase name="checkNoResultFound" time="1.666" classname="com.seasy.ui.tests.form.tests.JQuerySelectDropDownTests"/>
  <system-out/>
  <testcase name="checkSelectedState" time="0.000" classname="com.seasy.ui.tests.form.tests.JQuerySelectDropDownTests">
    <skipped/>
  </testcase> <!-- checkSelectedState -->
  <system-out/>
</testsuite> <!-- com.seasy.ui.tests.form.tests.JQuerySelectDropDownTests -->
