<?xml version="1.0" encoding="UTF-8"?>
<!-- Generated by org.testng.reporters.JUnitReportReporter -->
<testsuite skipped="0" hostname="5CD110DGDQ" name="com.seasy.ui.tests.FormTests.JQuerySelectDropDownTest" tests="7" failures="2" timestamp="2021-11-20T19:42:10 EET" time="22.443" errors="0">
  <testcase name="checkCategoriesOptionsInNotEmpty" time="1.306" classname="com.seasy.ui.tests.FormTests.JQuerySelectDropDownTest"/>
  <system-out/>
  <testcase name="checkNoResultFound" time="1.778" classname="com.seasy.ui.tests.FormTests.JQuerySelectDropDownTest"/>
  <system-out/>
  <testcase name="checkSelectedCountry" time="1.514" classname="com.seasy.ui.tests.FormTests.JQuerySelectDropDownTest"/>
  <system-out/>
  <testcase name="checkCategoriesOptions" time="5.282" classname="com.seasy.ui.tests.FormTests.JQuerySelectDropDownTest">
    <failure type="com.codeborne.selenide.ex.ElementNotFound" message="Element not found {optgroup.findBy(text &#039;Scripting languages&#039;)}
Expected: exist
Screenshot: file:/C:/Users/kbuch/Desktop/test-project/ui-tests/build/reports/tests/1637430121059.1.png
Page source: file:/C:/Users/kbuch/Desktop/test-project/ui-tests/build/reports/tests/1637430121059.1.html
Timeout: 4 s.
Caused by: Element not found {optgroup.findBy(text &#039;Scripting languages&#039;)}
Expected: text &#039;Scripting languages&#039;
Timeout: 0 ms.">
      <![CDATA[Element not found {optgroup.findBy(text 'Scripting languages')}
Expected: exist
Screenshot: file:/C:/Users/kbuch/Desktop/test-project/ui-tests/build/reports/tests/1637430121059.1.png
Page source: file:/C:/Users/kbuch/Desktop/test-project/ui-tests/build/reports/tests/1637430121059.1.html
Timeout: 4 s.
Caused by: Element not found {optgroup.findBy(text 'Scripting languages')}
Expected: text 'Scripting languages'
Timeout: 0 ms.
at com.codeborne.selenide.impl.WebElementSource.createElementNotFoundError(WebElementSource.java:83)
at com.codeborne.selenide.impl.WebElementSource.checkCondition(WebElementSource.java:114)
at com.codeborne.selenide.commands.Should.execute(Should.java:30)
at com.codeborne.selenide.commands.Should.execute(Should.java:14)
at com.codeborne.selenide.commands.Commands.execute(Commands.java:155)
at com.codeborne.selenide.impl.SelenideElementProxy.dispatchAndRetry(SelenideElementProxy.java:133)
at com.codeborne.selenide.impl.SelenideElementProxy.invoke(SelenideElementProxy.java:85)
at com.sun.proxy.$Proxy3.should(Unknown Source)
at com.seasy.ui.pages.Forms.JQuerySelectDropDownPage.checkSubCategories(JQuerySelectDropDownPage.java:102)
at com.seasy.ui.tests.FormTests.JQuerySelectDropDownTest.checkCategoriesOptions(JQuerySelectDropDownTest.java:57)
at sun.reflect.NativeMethodAccessorImpl.invoke0(Native Method)
at sun.reflect.NativeMethodAccessorImpl.invoke(NativeMethodAccessorImpl.java:62)
at sun.reflect.DelegatingMethodAccessorImpl.invoke(DelegatingMethodAccessorImpl.java:43)
at java.lang.reflect.Method.invoke(Method.java:498)
at org.testng.internal.MethodInvocationHelper.invokeMethod(MethodInvocationHelper.java:133)
at org.testng.internal.TestInvoker.invokeMethod(TestInvoker.java:598)
at org.testng.internal.TestInvoker.invokeTestMethod(TestInvoker.java:173)
at org.testng.internal.MethodRunner.runInSequence(MethodRunner.java:46)
at org.testng.internal.TestInvoker$MethodInvocationAgent.invoke(TestInvoker.java:824)
at org.testng.internal.TestInvoker.invokeTestMethods(TestInvoker.java:146)
at org.testng.internal.TestMethodWorker.invokeTestMethods(TestMethodWorker.java:146)
at org.testng.internal.TestMethodWorker.run(TestMethodWorker.java:128)
at java.util.concurrent.ThreadPoolExecutor.runWorker(ThreadPoolExecutor.java:1149)
at java.util.concurrent.ThreadPoolExecutor$Worker.run(ThreadPoolExecutor.java:624)
at java.lang.Thread.run(Thread.java:748)
Caused by: Element not found {optgroup.findBy(text 'Scripting languages')}
Expected: text 'Scripting languages'
Timeout: 0 ms.
at com.codeborne.selenide.impl.CollectionElementByCondition.getWebElement(CollectionElementByCondition.java:53)
at com.codeborne.selenide.impl.WebElementSource.checkCondition(WebElementSource.java:99)
... 23 more
]]>
    </failure>
  </testcase> <!-- checkCategoriesOptions -->
  <system-out/>
  <testcase name="checkSelectedUsTerritories" time="1.469" classname="com.seasy.ui.tests.FormTests.JQuerySelectDropDownTest"/>
  <system-out/>
  <testcase name="checkSelectedRandomItems" time="1.478" classname="com.seasy.ui.tests.FormTests.JQuerySelectDropDownTest"/>
  <system-out/>
  <testcase name="checkSelectedState" time="9.616" classname="com.seasy.ui.tests.FormTests.JQuerySelectDropDownTest">
    <failure type="com.codeborne.selenide.ex.ElementShouldNot" message="Element should not have attribute class=&quot;select2-selection__choice&quot; {$$(2 elements)[0]}
Element: &#039;&lt;li class=&quot;select2-selection__choice&quot; title=&quot;Iowa&quot; type value=&quot;0&quot;&gt;×Iowa&lt;/li&gt;&#039;
Actual value: class=&quot;select2-selection__choice&quot;
Screenshot: file:/C:/Users/kbuch/Desktop/test-project/ui-tests/build/reports/tests/1637430129677.2.png
Page source: file:/C:/Users/kbuch/Desktop/test-project/ui-tests/build/reports/tests/1637430129677.2.html
Timeout: 4 s.">
      <![CDATA[Element should not have attribute class="select2-selection__choice" {$$(2 elements)[0]}
Element: '<li class="select2-selection__choice" title="Iowa" type value="0">×Iowa</li>'
Actual value: class="select2-selection__choice"
Screenshot: file:/C:/Users/kbuch/Desktop/test-project/ui-tests/build/reports/tests/1637430129677.2.png
Page source: file:/C:/Users/kbuch/Desktop/test-project/ui-tests/build/reports/tests/1637430129677.2.html
Timeout: 4 s.
at com.codeborne.selenide.impl.WebElementSource.checkCondition(WebElementSource.java:118)
at com.codeborne.selenide.commands.ShouldNot.execute(ShouldNot.java:30)
at com.codeborne.selenide.commands.ShouldNot.execute(ShouldNot.java:14)
at com.codeborne.selenide.commands.Commands.execute(Commands.java:155)
at com.codeborne.selenide.impl.SelenideElementProxy.dispatchAndRetry(SelenideElementProxy.java:133)
at com.codeborne.selenide.impl.SelenideElementProxy.invoke(SelenideElementProxy.java:85)
at com.sun.proxy.$Proxy3.shouldNotHave(Unknown Source)
at com.seasy.ui.pages.Forms.JQuerySelectDropDownPage.lambda$checkEmptyMultipleDropDown$0(JQuerySelectDropDownPage.java:68)
at java.lang.Iterable.forEach(Iterable.java:75)
at com.seasy.ui.pages.Forms.JQuerySelectDropDownPage.checkEmptyMultipleDropDown(JQuerySelectDropDownPage.java:68)
at com.seasy.ui.tests.FormTests.JQuerySelectDropDownTest.checkSelectedState(JQuerySelectDropDownTest.java:25)
at sun.reflect.NativeMethodAccessorImpl.invoke0(Native Method)
at sun.reflect.NativeMethodAccessorImpl.invoke(NativeMethodAccessorImpl.java:62)
at sun.reflect.DelegatingMethodAccessorImpl.invoke(DelegatingMethodAccessorImpl.java:43)
at java.lang.reflect.Method.invoke(Method.java:498)
at org.testng.internal.MethodInvocationHelper.invokeMethod(MethodInvocationHelper.java:133)
at org.testng.internal.TestInvoker.invokeMethod(TestInvoker.java:598)
at org.testng.internal.TestInvoker.invokeTestMethod(TestInvoker.java:173)
at org.testng.internal.MethodRunner.runInSequence(MethodRunner.java:46)
at org.testng.internal.TestInvoker$MethodInvocationAgent.invoke(TestInvoker.java:824)
at org.testng.internal.TestInvoker.invokeTestMethods(TestInvoker.java:146)
at org.testng.internal.TestMethodWorker.invokeTestMethods(TestMethodWorker.java:146)
at org.testng.internal.TestMethodWorker.run(TestMethodWorker.java:128)
at java.util.concurrent.ThreadPoolExecutor.runWorker(ThreadPoolExecutor.java:1149)
at java.util.concurrent.ThreadPoolExecutor$Worker.run(ThreadPoolExecutor.java:624)
at java.lang.Thread.run(Thread.java:748)
]]>
    </failure>
  </testcase> <!-- checkSelectedState -->
  <system-out/>
</testsuite> <!-- com.seasy.ui.tests.FormTests.JQuerySelectDropDownTest -->
