<html>
<head>
<title>TestNG:  Chrome tests</title>
<link href="../testng.css" rel="stylesheet" type="text/css" />
<link href="../my-testng.css" rel="stylesheet" type="text/css" />

<style type="text/css">
.log { display: none;} 
.stack-trace { display: none;} 
</style>
<script type="text/javascript">
<!--
function flip(e) {
  current = e.style.display;
  if (current == 'block') {
    e.style.display = 'none';
    return 0;
  }
  else {
    e.style.display = 'block';
    return 1;
  }
}

function toggleBox(szDivId, elem, msg1, msg2)
{
  var res = -1;  if (document.getElementById) {
    res = flip(document.getElementById(szDivId));
  }
  else if (document.all) {
    // this is the way old msie versions work
    res = flip(document.all[szDivId]);
  }
  if(elem) {
    if(res == 0) elem.innerHTML = msg1; else elem.innerHTML = msg2;
  }

}

function toggleAllBoxes() {
  if (document.getElementsByTagName) {
    d = document.getElementsByTagName('div');
    for (i = 0; i < d.length; i++) {
      if (d[i].className == 'log') {
        flip(d[i]);
      }
    }
  }
}

// -->
</script>

</head>
<body>
<h2 align='center'>Chrome tests</h2><table border='1' align="center">
<tr>
<td>Tests passed/Failed/Skipped:</td><td>10/1/1</td>
</tr><tr>
<td>Started on:</td><td>Sun Feb 20 16:41:02 EET 2022</td>
</tr>
<tr><td>Total time:</td><td>10 seconds (10438 ms)</td>
</tr><tr>
<td>Included groups:</td><td></td>
</tr><tr>
<td>Excluded groups:</td><td></td>
</tr>
</table><p/>
<small><i>(Hover the method name to see the test class name)</i></small><p/>
<table width='100%' border='1' class='invocation-failed'>
<tr><td colspan='4' align='center'><b>FAILED TESTS</b></td></tr>
<tr><td><b>Test method</b></td>
<td width="30%"><b>Exception</b></td>
<td width="10%"><b>Time (seconds)</b></td>
<td><b>Instance</b></td>
</tr>
<tr>
<td title='com.seasy.ui.tests.form.tests.JQuerySelectDropDownTests.checkSelectedUsTerritories()'><b>checkSelectedUsTerritories</b><br>Test class: com.seasy.ui.tests.form.tests.JQuerySelectDropDownTests</td>
<td><div><pre>org.testng.internal.reflect.MethodMatcherException: 
[public void com.seasy.ui.tests.form.tests.JQuerySelectDropDownTests.checkSelectedUsTerritories(java.lang.String,java.lang.String)] has no parameters defined but was found to be using a data provider (either explicitly specified or inherited from class level annotation).
Data provider mismatch
Arguments: [(java.lang.String) Puerto Rico]
	at java.util.concurrent.ThreadPoolExecutor.runWorker(ThreadPoolExecutor.java:1149)
	at java.util.concurrent.ThreadPoolExecutor$Worker.run(ThreadPoolExecutor.java:624)
	at java.lang.Thread.run(Thread.java:748)
... Removed 8 stack frames</pre></div><a href='#' onClick='toggleBox("stack-trace520905274", this, "Click to show all stack frames", "Click to hide stack frames")'>Click to show all stack frames</a>
<div class='stack-trace' id='stack-trace520905274'><pre>org.testng.internal.reflect.MethodMatcherException: 
[public void com.seasy.ui.tests.form.tests.JQuerySelectDropDownTests.checkSelectedUsTerritories(java.lang.String,java.lang.String)] has no parameters defined but was found to be using a data provider (either explicitly specified or inherited from class level annotation).
Data provider mismatch
Method: checkSelectedUsTerritories([Parameter{index=0, type=java.lang.String, declaredAnnotations=[@org.testng.annotations.Optional(value=Select US Outlying Territories)]}, Parameter{index=1, type=java.lang.String, declaredAnnotations=[]}])
Arguments: [(java.lang.String) Puerto Rico]
	at org.testng.internal.reflect.DataProviderMethodMatcher.getConformingArguments(DataProviderMethodMatcher.java:43)
	at org.testng.internal.Parameters.injectParameters(Parameters.java:914)
	at org.testng.internal.MethodRunner.runInSequence(MethodRunner.java:34)
	at org.testng.internal.TestInvoker$MethodInvocationAgent.invoke(TestInvoker.java:824)
	at org.testng.internal.TestInvoker.invokeTestMethods(TestInvoker.java:146)
	at org.testng.internal.TestMethodWorker.invokeTestMethods(TestMethodWorker.java:146)
	at org.testng.internal.TestMethodWorker.run(TestMethodWorker.java:128)
	at java.util.concurrent.ThreadPoolExecutor.runWorker(ThreadPoolExecutor.java:1149)
	at java.util.concurrent.ThreadPoolExecutor$Worker.run(ThreadPoolExecutor.java:624)
	at java.lang.Thread.run(Thread.java:748)
</pre></div></td>
<td>0</td>
<td>com.seasy.ui.tests.form.tests.JQuerySelectDropDownTests@5bd03f44</td></tr>
</table><p>
<table width='100%' border='1' class='invocation-passed'>
<tr><td colspan='4' align='center'><b>PASSED TESTS</b></td></tr>
<tr><td><b>Test method</b></td>
<td width="30%"><b>Exception</b></td>
<td width="10%"><b>Time (seconds)</b></td>
<td><b>Instance</b></td>
</tr>
<tr>
<td title='com.seasy.ui.tests.form.tests.JQuerySelectDropDownTests.checkCategoriesOptionsInNotEmpty()'><b>checkCategoriesOptionsInNotEmpty</b><br>Test class: com.seasy.ui.tests.form.tests.JQuerySelectDropDownTests</td>
<td></td>
<td>1</td>
<td>com.seasy.ui.tests.form.tests.JQuerySelectDropDownTests@5bd03f44</td></tr>
<tr>
<td title='com.seasy.ui.tests.form.tests.SimpleFormTest.checkYourMessageTest()'><b>checkYourMessageTest</b><br>Test class: com.seasy.ui.tests.form.tests.SimpleFormTest</td>
<td></td>
<td>8</td>
<td>com.seasy.ui.tests.form.tests.SimpleFormTest@17046283</td></tr>
<tr>
<td title='com.seasy.ui.tests.form.tests.SimpleFormTest.checkTotalResultWithStringValuesTest()'><b>checkTotalResultWithStringValuesTest</b><br>Test class: com.seasy.ui.tests.form.tests.SimpleFormTest</td>
<td></td>
<td>8</td>
<td>com.seasy.ui.tests.form.tests.SimpleFormTest@17046283</td></tr>
<tr>
<td title='com.seasy.ui.tests.form.tests.SimpleFormTest.checkTotalResultWithEmptyFieldsTest()'><b>checkTotalResultWithEmptyFieldsTest</b><br>Test class: com.seasy.ui.tests.form.tests.SimpleFormTest</td>
<td></td>
<td>8</td>
<td>com.seasy.ui.tests.form.tests.SimpleFormTest@17046283</td></tr>
<tr>
<td title='com.seasy.ui.tests.form.tests.JQuerySelectDropDownTests.checkSelectedRandomItems()'><b>checkSelectedRandomItems</b><br>Test class: com.seasy.ui.tests.form.tests.JQuerySelectDropDownTests<br>Parameters: Select US Outlying Territories</td>
<td></td>
<td>1</td>
<td>com.seasy.ui.tests.form.tests.JQuerySelectDropDownTests@5bd03f44</td></tr>
<tr>
<td title='com.seasy.ui.tests.form.tests.SimpleFormTest.checkTotalResultWithIntegerValuesTest()'><b>checkTotalResultWithIntegerValuesTest</b><br>Test class: com.seasy.ui.tests.form.tests.SimpleFormTest</td>
<td></td>
<td>8</td>
<td>com.seasy.ui.tests.form.tests.SimpleFormTest@17046283</td></tr>
<tr>
<td title='com.seasy.ui.tests.form.tests.JQuerySelectDropDownTests.checkCategoriesOptions()'><b>checkCategoriesOptions</b><br>Test class: com.seasy.ui.tests.form.tests.JQuerySelectDropDownTests</td>
<td></td>
<td>1</td>
<td>com.seasy.ui.tests.form.tests.JQuerySelectDropDownTests@5bd03f44</td></tr>
<tr>
<td title='com.seasy.ui.tests.form.tests.SimpleFormTest.checkEmptyMessageTest()'><b>checkEmptyMessageTest</b><br>Test class: com.seasy.ui.tests.form.tests.SimpleFormTest</td>
<td></td>
<td>9</td>
<td>com.seasy.ui.tests.form.tests.SimpleFormTest@17046283</td></tr>
<tr>
<td title='com.seasy.ui.tests.form.tests.JQuerySelectDropDownTests.checkSelectedCountry()'><b>checkSelectedCountry</b><br>Test class: com.seasy.ui.tests.form.tests.JQuerySelectDropDownTests<br>Parameters: Select Country</td>
<td></td>
<td>1</td>
<td>com.seasy.ui.tests.form.tests.JQuerySelectDropDownTests@5bd03f44</td></tr>
<tr>
<td title='com.seasy.ui.tests.form.tests.JQuerySelectDropDownTests.checkNoResultFound()'><b>checkNoResultFound</b><br>Test class: com.seasy.ui.tests.form.tests.JQuerySelectDropDownTests<br>Parameters: Select Country</td>
<td></td>
<td>1</td>
<td>com.seasy.ui.tests.form.tests.JQuerySelectDropDownTests@5bd03f44</td></tr>
</table><p>
<table width='100%' border='1' class='invocation-skipped'>
<tr><td colspan='4' align='center'><b>SKIPPED TESTS</b></td></tr>
<tr><td><b>Test method</b></td>
<td width="30%"><b>Exception</b></td>
<td width="10%"><b>Time (seconds)</b></td>
<td><b>Instance</b></td>
</tr>
<tr>
<td title='com.seasy.ui.tests.form.tests.JQuerySelectDropDownTests.checkSelectedState()'><b>checkSelectedState</b><br>Test class: com.seasy.ui.tests.form.tests.JQuerySelectDropDownTests</td>
<td><div><pre>java.lang.ArrayIndexOutOfBoundsException: 1
	at java.util.concurrent.ThreadPoolExecutor.runWorker(ThreadPoolExecutor.java:1149)
	at java.util.concurrent.ThreadPoolExecutor$Worker.run(ThreadPoolExecutor.java:624)
	at java.lang.Thread.run(Thread.java:748)
... Removed 11 stack frames</pre></div><a href='#' onClick='toggleBox("stack-trace93714666", this, "Click to show all stack frames", "Click to hide stack frames")'>Click to show all stack frames</a>
<div class='stack-trace' id='stack-trace93714666'><pre>java.lang.ArrayIndexOutOfBoundsException: 1
	at org.testng.internal.Parameters.createParams(Parameters.java:273)
	at org.testng.internal.Parameters.createParametersForMethod(Parameters.java:358)
	at org.testng.internal.Parameters.createParameters(Parameters.java:700)
	at org.testng.internal.Parameters.handleParameters(Parameters.java:884)
	at org.testng.internal.Parameters.handleParameters(Parameters.java:740)
	at org.testng.internal.ParameterHandler.handleParameters(ParameterHandler.java:59)
	at org.testng.internal.ParameterHandler.createParameters(ParameterHandler.java:38)
	at org.testng.internal.TestInvoker$MethodInvocationAgent.invoke(TestInvoker.java:791)
	at org.testng.internal.TestInvoker.invokeTestMethods(TestInvoker.java:146)
	at org.testng.internal.TestMethodWorker.invokeTestMethods(TestMethodWorker.java:146)
	at org.testng.internal.TestMethodWorker.run(TestMethodWorker.java:128)
	at java.util.concurrent.ThreadPoolExecutor.runWorker(ThreadPoolExecutor.java:1149)
	at java.util.concurrent.ThreadPoolExecutor$Worker.run(ThreadPoolExecutor.java:624)
	at java.lang.Thread.run(Thread.java:748)
</pre></div></td>
<td>0</td>
<td>com.seasy.ui.tests.form.tests.JQuerySelectDropDownTests@5bd03f44</td></tr>
</table><p>
</body>
</html>