<?xml version="1.0" encoding="UTF-8"?>
<!-- Generated by org.testng.reporters.JUnitXMLReporter -->
<testsuite hostname="5CD110DGDQ" ignored="0" name="Form tests" tests="33" failures="2" timestamp="2021-12-12T18:27:42 EET" time="29.436" errors="0">
  <testcase name="checkEmptyMessageTest" time="10.813" classname="com.seasy.ui.tests.FormTests.SimpleFormTest"/>
  <testcase name="checkTotalResultWithEmptyFieldsTest" time="10.989" classname="com.seasy.ui.tests.FormTests.SimpleFormTest"/>
  <testcase name="checkYourMessageTest" time="11.046" classname="com.seasy.ui.tests.FormTests.SimpleFormTest"/>
  <testcase name="checkTotalResultWithIntegerValuesTest" time="11.178" classname="com.seasy.ui.tests.FormTests.SimpleFormTest"/>
  <testcase name="checkTotalResultWithStringValuesTest" time="12.478" classname="com.seasy.ui.tests.FormTests.SimpleFormTest"/>
  <testcase name="checkAllCheckboxesAreSelected" time="1.41" classname="com.seasy.ui.tests.FormTests.CheckBoxTest"/>
  <testcase name="checkRequiredNameField" time="2.569" classname="com.seasy.ui.tests.FormTests.AjaxSubmitFormTest"/>
  <testcase name="checkMultipleCheckBoxIsSelected" time="1.091" classname="com.seasy.ui.tests.FormTests.CheckBoxTest"/>
  <testcase name="checkUnselectOfSelectedCheckBoxTest" time="0.617" classname="com.seasy.ui.tests.FormTests.CheckBoxTest"/>
  <testcase name="checkCheckAllButtonWithOneUnselectedCheckbox" time="2.08" classname="com.seasy.ui.tests.FormTests.CheckBoxTest"/>
  <testcase name="checkUnselectedCheckBox" time="0.436" classname="com.seasy.ui.tests.FormTests.CheckBoxTest"/>
  <testcase name="selectSingleCheckBoxTest" time="0.652" classname="com.seasy.ui.tests.FormTests.CheckBoxTest"/>
  <testcase name="submitForm" time="4.445" classname="com.seasy.ui.tests.FormTests.AjaxSubmitFormTest"/>
  <testcase name="checkMultipleCheckBoxIsUnselected" time="2.016" classname="com.seasy.ui.tests.FormTests.CheckBoxTest"/>
  <testcase name="checkFormIsSubmitted" time="5.577" classname="com.seasy.ui.tests.FormTests.AjaxSubmitFormTest"/>
  <testcase name="checkSelectedCity" time="1.333" classname="com.seasy.ui.tests.FormTests.DropDownTests"/>
  <testcase name="checkSelectedDayFromDropDown" time="1.12" classname="com.seasy.ui.tests.FormTests.DropDownTests"/>
  <testcase name="checkCategoriesOptions" time="0.004" classname="com.seasy.ui.tests.FormTests.JQuerySelectDropDownTest"/>
  <testcase name="checkCategoriesOptionsInNotEmpty" time="1.691" classname="com.seasy.ui.tests.FormTests.JQuerySelectDropDownTest"/>
  <testcase name="checkDeletedFirstName" time="3.208" classname="com.seasy.ui.tests.FormTests.InputFormSubmitTest"/>
  <testcase name="checkSubmitButtonIsDisabled" time="3.185" classname="com.seasy.ui.tests.FormTests.InputFormSubmitTest"/>
  <testcase name="checkNoResultFound" time="1.511" classname="com.seasy.ui.tests.FormTests.JQuerySelectDropDownTest"/>
  <testcase name="checkSelectedCities" time="5.989" classname="com.seasy.ui.tests.FormTests.DropDownTests">
    <failure type="com.codeborne.selenide.ex.ElementShould" message="Element should be text &amp;apos;Options selected are : Ohio,Florida&amp;apos; {.getall-selected}
Element: &amp;apos;&amp;lt;p class=&amp;quot;getall-selected&amp;quot;&amp;gt;Options selected are : Florida&amp;lt;/p&amp;gt;&amp;apos;
Screenshot: file:/C:/Users/kbuch/Desktop/test-project/ui-tests/build/reports/tests/1639326453525.0.png
Page source: file:/C:/Users/kbuch/Desktop/test-project/ui-tests/build/reports/tests/1639326453525.0.html
Timeout: 4 s.">
      <![CDATA[Element should be text 'Options selected are : Ohio,Florida' {.getall-selected}
Element: '<p class="getall-selected">Options selected are : Florida</p>'
Screenshot: file:/C:/Users/kbuch/Desktop/test-project/ui-tests/build/reports/tests/1639326453525.0.png
Page source: file:/C:/Users/kbuch/Desktop/test-project/ui-tests/build/reports/tests/1639326453525.0.html
Timeout: 4 s.
at com.codeborne.selenide.impl.WebElementSource.checkCondition(WebElementSource.java:121)
at com.codeborne.selenide.commands.Should.execute(Should.java:30)
at com.codeborne.selenide.commands.Should.execute(Should.java:14)
at com.codeborne.selenide.commands.Commands.execute(Commands.java:155)
at com.codeborne.selenide.impl.SelenideElementProxy.dispatchAndRetry(SelenideElementProxy.java:133)
at com.codeborne.selenide.impl.SelenideElementProxy.invoke(SelenideElementProxy.java:85)
at com.sun.proxy.$Proxy7.shouldBe(Unknown Source)
at com.seasy.ui.pages.Forms.DropDownPage.verifySelectedCities(DropDownPage.java:50)
at com.seasy.ui.tests.FormTests.DropDownTests.checkSelectedCities(DropDownTests.java:32)
at java.util.concurrent.ThreadPoolExecutor.runWorker(ThreadPoolExecutor.java:1149)
at java.util.concurrent.ThreadPoolExecutor$Worker.run(ThreadPoolExecutor.java:624)
at java.lang.Thread.run(Thread.java:748)
... Removed 12 stack frames]]>
    </failure>
  </testcase> <!-- checkSelectedCities -->
  <testcase name="checkSelectedCountry" time="2.072" classname="com.seasy.ui.tests.FormTests.JQuerySelectDropDownTest"/>
  <testcase name="checkSelectedRandomItems" time="1.521" classname="com.seasy.ui.tests.FormTests.JQuerySelectDropDownTest"/>
  <testcase name="checkFemaleGenderAndZeroToFiveAgeGroup" time="1.554" classname="com.seasy.ui.tests.FormTests.RadioButtonPageTest"/>
  <testcase name="checkMaleGenderAndFiveToFifteenAgeGroup" time="1.266" classname="com.seasy.ui.tests.FormTests.RadioButtonPageTest"/>
  <testcase name="checkSelectedUsTerritories" time="1.808" classname="com.seasy.ui.tests.FormTests.JQuerySelectDropDownTest"/>
  <testcase name="checkUnselectedValue" time="0.815" classname="com.seasy.ui.tests.FormTests.RadioButtonPageTest"/>
  <testcase name="checkSelectMaleRadioButton" time="0.976" classname="com.seasy.ui.tests.FormTests.RadioButtonPageTest"/>
  <testcase name="checkSelectedFemaleRadioButton" time="0.958" classname="com.seasy.ui.tests.FormTests.RadioButtonPageTest"/>
  <testcase name="checkFromSubmitWithAllDataEntered" time="9.06" classname="com.seasy.ui.tests.FormTests.InputFormSubmitTest"/>
  <testcase name="checkSelectedState" time="9.546" classname="com.seasy.ui.tests.FormTests.JQuerySelectDropDownTest">
    <failure type="com.codeborne.selenide.ex.ElementShouldNot" message="Element should not have attribute class=&amp;quot;select2-selection__choice&amp;quot; {$$(2 elements)[0]}
Element: &amp;apos;&amp;lt;li class=&amp;quot;select2-selection__choice&amp;quot; title=&amp;quot;Iowa&amp;quot; type value=&amp;quot;0&amp;quot;&amp;gt;×Iowa&amp;lt;/li&amp;gt;&amp;apos;
Actual value: class=&amp;quot;select2-selection__choice&amp;quot;
Screenshot: file:/C:/Users/kbuch/Desktop/test-project/ui-tests/build/reports/tests/1639326462314.1.png
Page source: file:/C:/Users/kbuch/Desktop/test-project/ui-tests/build/reports/tests/1639326462314.1.html
Timeout: 4 s.">
      <![CDATA[Element should not have attribute class="select2-selection__choice" {$$(2 elements)[0]}
Element: '<li class="select2-selection__choice" title="Iowa" type value="0">×Iowa</li>'
Actual value: class="select2-selection__choice"
Screenshot: file:/C:/Users/kbuch/Desktop/test-project/ui-tests/build/reports/tests/1639326462314.1.png
Page source: file:/C:/Users/kbuch/Desktop/test-project/ui-tests/build/reports/tests/1639326462314.1.html
Timeout: 4 s.
at com.codeborne.selenide.impl.WebElementSource.checkCondition(WebElementSource.java:118)
at com.codeborne.selenide.commands.ShouldNot.execute(ShouldNot.java:30)
at com.codeborne.selenide.commands.ShouldNot.execute(ShouldNot.java:14)
at com.codeborne.selenide.commands.Commands.execute(Commands.java:155)
at com.codeborne.selenide.impl.SelenideElementProxy.dispatchAndRetry(SelenideElementProxy.java:133)
at com.codeborne.selenide.impl.SelenideElementProxy.invoke(SelenideElementProxy.java:85)
at com.sun.proxy.$Proxy7.shouldNotHave(Unknown Source)
at com.seasy.ui.pages.Forms.JQuerySelectDropDownPage.lambda$checkEmptyMultipleDropDown$0(JQuerySelectDropDownPage.java:70)
at java.lang.Iterable.forEach(Iterable.java:75)
at com.seasy.ui.pages.Forms.JQuerySelectDropDownPage.checkEmptyMultipleDropDown(JQuerySelectDropDownPage.java:70)
at com.seasy.ui.tests.FormTests.JQuerySelectDropDownTest.checkSelectedState(JQuerySelectDropDownTest.java:25)
at java.util.concurrent.ThreadPoolExecutor.runWorker(ThreadPoolExecutor.java:1149)
at java.util.concurrent.ThreadPoolExecutor$Worker.run(ThreadPoolExecutor.java:624)
at java.lang.Thread.run(Thread.java:748)
... Removed 12 stack frames]]>
    </failure>
  </testcase> <!-- checkSelectedState -->
</testsuite> <!-- Form tests -->
