<html>
<head>
<title>TestNG:  Surefire test</title>
<link href="../testng.css" rel="stylesheet" type="text/css" />
<link href="../my-testng.css" rel="stylesheet" type="text/css" />

<style type="text/css">
.log { display: none;} 
.stack-trace { display: none;} 
</style>
<script type="text/javascript">
<!--
function flip(e) {
  current = e.style.display;
  if (current == 'block') {
    e.style.display = 'none';
    return 0;
  }
  else {
    e.style.display = 'block';
    return 1;
  }
}

function toggleBox(szDivId, elem, msg1, msg2)
{
  var res = -1;  if (document.getElementById) {
    res = flip(document.getElementById(szDivId));
  }
  else if (document.all) {
    // this is the way old msie versions work
    res = flip(document.all[szDivId]);
  }
  if(elem) {
    if(res == 0) elem.innerHTML = msg1; else elem.innerHTML = msg2;
  }

}

function toggleAllBoxes() {
  if (document.getElementsByTagName) {
    d = document.getElementsByTagName('div');
    for (i = 0; i < d.length; i++) {
      if (d[i].className == 'log') {
        flip(d[i]);
      }
    }
  }
}

// -->
</script>

</head>
<body>
<h2 align='center'>Surefire test</h2><table border='1' align="center">
<tr>
<td>Tests passed/Failed/Skipped:</td><td>14/5/0</td>
</tr><tr>
<td>Started on:</td><td>Wed Jul 21 15:54:19 EEST 2021</td>
</tr>
<tr><td>Total time:</td><td>31 seconds (31071 ms)</td>
</tr><tr>
<td>Included groups:</td><td></td>
</tr><tr>
<td>Excluded groups:</td><td></td>
</tr>
</table><p/>
<small><i>(Hover the method name to see the test class name)</i></small><p/>
<table width='100%' border='1' class='invocation-failed'>
<tr><td colspan='4' align='center'><b>FAILED TESTS</b></td></tr>
<tr><td><b>Test method</b></td>
<td width="30%"><b>Exception</b></td>
<td width="10%"><b>Time (seconds)</b></td>
<td><b>Instance</b></td>
</tr>
<tr>
<td title='com.seasy.ui.tests.CheckBoxTest.checkAllCheckboxesAreSelected()'><b>checkAllCheckboxesAreSelected</b><br>Test class: com.seasy.ui.tests.CheckBoxTest</td>
<td><div><pre>Element should have attribute value=&quot;Uncheck All&quot; {#check1}
Element: &apos;&lt;input class=&quot;btn btn-primary&quot; id=&quot;check1&quot; type=&quot;button&quot; value=&quot;Check All&quot;&gt;&lt;/input&gt;&apos;
Actual value: value=&quot;Check All&quot;
Screenshot: file:/C:/Users/kbuch/Desktop/test-project/ui-tests/build/reports/tests/1626872068900.0.png
Page source: file:/C:/Users/kbuch/Desktop/test-project/ui-tests/build/reports/tests/1626872068900.0.html
Timeout: 4 s.
	at com.codeborne.selenide.impl.WebElementSource.checkCondition(WebElementSource.java:121)
	at com.codeborne.selenide.commands.Should.execute(Should.java:30)
	at com.codeborne.selenide.commands.Should.execute(Should.java:14)
	at com.codeborne.selenide.commands.Commands.execute(Commands.java:155)
	at com.codeborne.selenide.impl.SelenideElementProxy.dispatchAndRetry(SelenideElementProxy.java:133)
	at com.codeborne.selenide.impl.SelenideElementProxy.invoke(SelenideElementProxy.java:85)
	at com.sun.proxy.$Proxy3.shouldHave(Unknown Source)
	at com.seasy.ui.pages.CheckBoxPage.verifyAllCheckboxesSelected(CheckBoxPage.java:72)
	at com.seasy.ui.tests.CheckBoxTest.checkAllCheckboxesAreSelected(CheckBoxTest.java:41)
	at java.util.ArrayList.forEach(ArrayList.java:1259)
... Removed 32 stack frames</pre></div><a href='#' onClick='toggleBox("stack-trace1596653154", this, "Click to show all stack frames", "Click to hide stack frames")'>Click to show all stack frames</a>
<div class='stack-trace' id='stack-trace1596653154'><pre>Element should have attribute value=&quot;Uncheck All&quot; {#check1}
Element: &apos;&lt;input class=&quot;btn btn-primary&quot; id=&quot;check1&quot; type=&quot;button&quot; value=&quot;Check All&quot;&gt;&lt;/input&gt;&apos;
Actual value: value=&quot;Check All&quot;
Screenshot: file:/C:/Users/kbuch/Desktop/test-project/ui-tests/build/reports/tests/1626872068900.0.png
Page source: file:/C:/Users/kbuch/Desktop/test-project/ui-tests/build/reports/tests/1626872068900.0.html
Timeout: 4 s.
	at com.codeborne.selenide.impl.WebElementSource.checkCondition(WebElementSource.java:121)
	at com.codeborne.selenide.commands.Should.execute(Should.java:30)
	at com.codeborne.selenide.commands.Should.execute(Should.java:14)
	at com.codeborne.selenide.commands.Commands.execute(Commands.java:155)
	at com.codeborne.selenide.impl.SelenideElementProxy.dispatchAndRetry(SelenideElementProxy.java:133)
	at com.codeborne.selenide.impl.SelenideElementProxy.invoke(SelenideElementProxy.java:85)
	at com.sun.proxy.$Proxy3.shouldHave(Unknown Source)
	at com.seasy.ui.pages.CheckBoxPage.verifyAllCheckboxesSelected(CheckBoxPage.java:72)
	at com.seasy.ui.tests.CheckBoxTest.checkAllCheckboxesAreSelected(CheckBoxTest.java:41)
	at sun.reflect.NativeMethodAccessorImpl.invoke0(Native Method)
	at sun.reflect.NativeMethodAccessorImpl.invoke(NativeMethodAccessorImpl.java:62)
	at sun.reflect.DelegatingMethodAccessorImpl.invoke(DelegatingMethodAccessorImpl.java:43)
	at java.lang.reflect.Method.invoke(Method.java:498)
	at org.testng.internal.MethodInvocationHelper.invokeMethod(MethodInvocationHelper.java:133)
	at org.testng.internal.TestInvoker.invokeMethod(TestInvoker.java:598)
	at org.testng.internal.TestInvoker.invokeTestMethod(TestInvoker.java:173)
	at org.testng.internal.MethodRunner.runInSequence(MethodRunner.java:46)
	at org.testng.internal.TestInvoker$MethodInvocationAgent.invoke(TestInvoker.java:824)
	at org.testng.internal.TestInvoker.invokeTestMethods(TestInvoker.java:146)
	at org.testng.internal.TestMethodWorker.invokeTestMethods(TestMethodWorker.java:146)
	at org.testng.internal.TestMethodWorker.run(TestMethodWorker.java:128)
	at java.util.ArrayList.forEach(ArrayList.java:1259)
	at org.testng.TestRunner.privateRun(TestRunner.java:794)
	at org.testng.TestRunner.run(TestRunner.java:596)
	at org.testng.SuiteRunner.runTest(SuiteRunner.java:377)
	at org.testng.SuiteRunner.runSequentially(SuiteRunner.java:371)
	at org.testng.SuiteRunner.privateRun(SuiteRunner.java:332)
	at org.testng.SuiteRunner.run(SuiteRunner.java:276)
	at org.testng.SuiteRunnerWorker.runSuite(SuiteRunnerWorker.java:53)
	at org.testng.SuiteRunnerWorker.run(SuiteRunnerWorker.java:96)
	at org.testng.TestNG.runSuitesSequentially(TestNG.java:1212)
	at org.testng.TestNG.runSuitesLocally(TestNG.java:1134)
	at org.testng.TestNG.runSuites(TestNG.java:1063)
	at org.testng.TestNG.run(TestNG.java:1031)
	at org.apache.maven.surefire.testng.TestNGExecutor.run(TestNGExecutor.java:135)
	at org.apache.maven.surefire.testng.TestNGDirectoryTestSuite.executeMulti(TestNGDirectoryTestSuite.java:193)
	at org.apache.maven.surefire.testng.TestNGDirectoryTestSuite.execute(TestNGDirectoryTestSuite.java:94)
	at org.apache.maven.surefire.testng.TestNGProvider.invoke(TestNGProvider.java:146)
	at org.apache.maven.surefire.booter.ForkedBooter.invokeProviderInSameClassLoader(ForkedBooter.java:384)
	at org.apache.maven.surefire.booter.ForkedBooter.runSuitesInProcess(ForkedBooter.java:345)
	at org.apache.maven.surefire.booter.ForkedBooter.execute(ForkedBooter.java:126)
	at org.apache.maven.surefire.booter.ForkedBooter.main(ForkedBooter.java:418)
</pre></div></td>
<td>9</td>
<td>com.seasy.ui.tests.CheckBoxTest@a67c67e</td></tr>
<tr>
<td title='com.seasy.ui.tests.DropDownTests.checkSelectedCity()'><b>checkSelectedCity</b><br>Test class: com.seasy.ui.tests.DropDownTests<br>Parameters: Ohio, Florida</td>
<td><div><pre>Element should be visible or transparent: visible or have css value opacity=0 {.getall-selected}
Element: &apos;&lt;p class=&quot;getall-selected&quot; displayed:false&gt;&lt;/p&gt;&apos;
Actual value: visible:false, 1
Screenshot: file:/C:/Users/kbuch/Desktop/test-project/ui-tests/build/reports/tests/1626872080107.2.png
Page source: file:/C:/Users/kbuch/Desktop/test-project/ui-tests/build/reports/tests/1626872080107.2.html
Timeout: 4 s.
	at com.codeborne.selenide.impl.WebElementSource.checkCondition(WebElementSource.java:121)
	at com.codeborne.selenide.impl.WebElementSource.findAndAssertElementIsInteractable(WebElementSource.java:139)
	at com.codeborne.selenide.commands.Click.execute(Click.java:24)
	at com.codeborne.selenide.commands.Click.execute(Click.java:16)
	at com.codeborne.selenide.commands.Commands.execute(Commands.java:155)
	at com.codeborne.selenide.impl.SelenideElementProxy.dispatchAndRetry(SelenideElementProxy.java:133)
	at com.codeborne.selenide.impl.SelenideElementProxy.invoke(SelenideElementProxy.java:85)
	at com.sun.proxy.$Proxy3.click(Unknown Source)
	at com.seasy.ui.pages.DropDownPage.selectFewCitiesFromMultiDropDown(DropDownPage.java:49)
	at com.seasy.ui.tests.DropDownTests.checkSelectedCity(DropDownTests.java:30)
	at java.util.ArrayList.forEach(ArrayList.java:1259)
... Removed 32 stack frames</pre></div><a href='#' onClick='toggleBox("stack-trace643552582", this, "Click to show all stack frames", "Click to hide stack frames")'>Click to show all stack frames</a>
<div class='stack-trace' id='stack-trace643552582'><pre>Element should be visible or transparent: visible or have css value opacity=0 {.getall-selected}
Element: &apos;&lt;p class=&quot;getall-selected&quot; displayed:false&gt;&lt;/p&gt;&apos;
Actual value: visible:false, 1
Screenshot: file:/C:/Users/kbuch/Desktop/test-project/ui-tests/build/reports/tests/1626872080107.2.png
Page source: file:/C:/Users/kbuch/Desktop/test-project/ui-tests/build/reports/tests/1626872080107.2.html
Timeout: 4 s.
	at com.codeborne.selenide.impl.WebElementSource.checkCondition(WebElementSource.java:121)
	at com.codeborne.selenide.impl.WebElementSource.findAndAssertElementIsInteractable(WebElementSource.java:139)
	at com.codeborne.selenide.commands.Click.execute(Click.java:24)
	at com.codeborne.selenide.commands.Click.execute(Click.java:16)
	at com.codeborne.selenide.commands.Commands.execute(Commands.java:155)
	at com.codeborne.selenide.impl.SelenideElementProxy.dispatchAndRetry(SelenideElementProxy.java:133)
	at com.codeborne.selenide.impl.SelenideElementProxy.invoke(SelenideElementProxy.java:85)
	at com.sun.proxy.$Proxy3.click(Unknown Source)
	at com.seasy.ui.pages.DropDownPage.selectFewCitiesFromMultiDropDown(DropDownPage.java:49)
	at com.seasy.ui.tests.DropDownTests.checkSelectedCity(DropDownTests.java:30)
	at sun.reflect.NativeMethodAccessorImpl.invoke0(Native Method)
	at sun.reflect.NativeMethodAccessorImpl.invoke(NativeMethodAccessorImpl.java:62)
	at sun.reflect.DelegatingMethodAccessorImpl.invoke(DelegatingMethodAccessorImpl.java:43)
	at java.lang.reflect.Method.invoke(Method.java:498)
	at org.testng.internal.MethodInvocationHelper.invokeMethod(MethodInvocationHelper.java:133)
	at org.testng.internal.TestInvoker.invokeMethod(TestInvoker.java:598)
	at org.testng.internal.TestInvoker.invokeTestMethod(TestInvoker.java:173)
	at org.testng.internal.MethodRunner.runInSequence(MethodRunner.java:46)
	at org.testng.internal.TestInvoker$MethodInvocationAgent.invoke(TestInvoker.java:824)
	at org.testng.internal.TestInvoker.invokeTestMethods(TestInvoker.java:146)
	at org.testng.internal.TestMethodWorker.invokeTestMethods(TestMethodWorker.java:146)
	at org.testng.internal.TestMethodWorker.run(TestMethodWorker.java:128)
	at java.util.ArrayList.forEach(ArrayList.java:1259)
	at org.testng.TestRunner.privateRun(TestRunner.java:794)
	at org.testng.TestRunner.run(TestRunner.java:596)
	at org.testng.SuiteRunner.runTest(SuiteRunner.java:377)
	at org.testng.SuiteRunner.runSequentially(SuiteRunner.java:371)
	at org.testng.SuiteRunner.privateRun(SuiteRunner.java:332)
	at org.testng.SuiteRunner.run(SuiteRunner.java:276)
	at org.testng.SuiteRunnerWorker.runSuite(SuiteRunnerWorker.java:53)
	at org.testng.SuiteRunnerWorker.run(SuiteRunnerWorker.java:96)
	at org.testng.TestNG.runSuitesSequentially(TestNG.java:1212)
	at org.testng.TestNG.runSuitesLocally(TestNG.java:1134)
	at org.testng.TestNG.runSuites(TestNG.java:1063)
	at org.testng.TestNG.run(TestNG.java:1031)
	at org.apache.maven.surefire.testng.TestNGExecutor.run(TestNGExecutor.java:135)
	at org.apache.maven.surefire.testng.TestNGDirectoryTestSuite.executeMulti(TestNGDirectoryTestSuite.java:193)
	at org.apache.maven.surefire.testng.TestNGDirectoryTestSuite.execute(TestNGDirectoryTestSuite.java:94)
	at org.apache.maven.surefire.testng.TestNGProvider.invoke(TestNGProvider.java:146)
	at org.apache.maven.surefire.booter.ForkedBooter.invokeProviderInSameClassLoader(ForkedBooter.java:384)
	at org.apache.maven.surefire.booter.ForkedBooter.runSuitesInProcess(ForkedBooter.java:345)
	at org.apache.maven.surefire.booter.ForkedBooter.execute(ForkedBooter.java:126)
	at org.apache.maven.surefire.booter.ForkedBooter.main(ForkedBooter.java:418)
</pre></div></td>
<td>4</td>
<td>com.seasy.ui.tests.DropDownTests@3632be31</td></tr>
<tr>
<td title='com.seasy.ui.tests.DropDownTests.checkSelectedDayFromDropDown()'><b>checkSelectedDayFromDropDown</b><br>Test class: com.seasy.ui.tests.DropDownTests</td>
<td><div><pre>org.testng.TestNGException: 
Parameter &apos;singleDayDropDown&apos; is required by @Test on method checkSelectedDayFromDropDown but has not been marked @Optional or defined

	at java.util.ArrayList.forEach(ArrayList.java:1259)
... Removed 31 stack frames</pre></div><a href='#' onClick='toggleBox("stack-trace856047451", this, "Click to show all stack frames", "Click to hide stack frames")'>Click to show all stack frames</a>
<div class='stack-trace' id='stack-trace856047451'><pre>org.testng.TestNGException: 
Parameter &apos;singleDayDropDown&apos; is required by @Test on method checkSelectedDayFromDropDown but has not been marked @Optional or defined

	at org.testng.internal.Parameters.createParams(Parameters.java:270)
	at org.testng.internal.Parameters.createParametersForMethod(Parameters.java:358)
	at org.testng.internal.Parameters.createParameters(Parameters.java:700)
	at org.testng.internal.Parameters.handleParameters(Parameters.java:884)
	at org.testng.internal.Parameters.handleParameters(Parameters.java:740)
	at org.testng.internal.ParameterHandler.handleParameters(ParameterHandler.java:59)
	at org.testng.internal.ParameterHandler.createParameters(ParameterHandler.java:38)
	at org.testng.internal.TestInvoker$MethodInvocationAgent.invoke(TestInvoker.java:791)
	at org.testng.internal.TestInvoker.invokeTestMethods(TestInvoker.java:146)
	at org.testng.internal.TestMethodWorker.invokeTestMethods(TestMethodWorker.java:146)
	at org.testng.internal.TestMethodWorker.run(TestMethodWorker.java:128)
	at java.util.ArrayList.forEach(ArrayList.java:1259)
	at org.testng.TestRunner.privateRun(TestRunner.java:794)
	at org.testng.TestRunner.run(TestRunner.java:596)
	at org.testng.SuiteRunner.runTest(SuiteRunner.java:377)
	at org.testng.SuiteRunner.runSequentially(SuiteRunner.java:371)
	at org.testng.SuiteRunner.privateRun(SuiteRunner.java:332)
	at org.testng.SuiteRunner.run(SuiteRunner.java:276)
	at org.testng.SuiteRunnerWorker.runSuite(SuiteRunnerWorker.java:53)
	at org.testng.SuiteRunnerWorker.run(SuiteRunnerWorker.java:96)
	at org.testng.TestNG.runSuitesSequentially(TestNG.java:1212)
	at org.testng.TestNG.runSuitesLocally(TestNG.java:1134)
	at org.testng.TestNG.runSuites(TestNG.java:1063)
	at org.testng.TestNG.run(TestNG.java:1031)
	at org.apache.maven.surefire.testng.TestNGExecutor.run(TestNGExecutor.java:135)
	at org.apache.maven.surefire.testng.TestNGDirectoryTestSuite.executeMulti(TestNGDirectoryTestSuite.java:193)
	at org.apache.maven.surefire.testng.TestNGDirectoryTestSuite.execute(TestNGDirectoryTestSuite.java:94)
	at org.apache.maven.surefire.testng.TestNGProvider.invoke(TestNGProvider.java:146)
	at org.apache.maven.surefire.booter.ForkedBooter.invokeProviderInSameClassLoader(ForkedBooter.java:384)
	at org.apache.maven.surefire.booter.ForkedBooter.runSuitesInProcess(ForkedBooter.java:345)
	at org.apache.maven.surefire.booter.ForkedBooter.execute(ForkedBooter.java:126)
	at org.apache.maven.surefire.booter.ForkedBooter.main(ForkedBooter.java:418)
</pre></div></td>
<td>0</td>
<td>com.seasy.ui.tests.DropDownTests@3632be31</td></tr>
<tr>
<td title='com.seasy.ui.tests.RadioButtonPageTest.checkUnselectedValue()'><b>checkUnselectedValue</b><br>Test class: com.seasy.ui.tests.RadioButtonPageTest</td>
<td><div><pre>Element should have text &apos;Radio button is Not checked&apos; {.groupradiobutton}
Element: &apos;&lt;p class=&quot;groupradiobutton&quot; displayed:false&gt;&lt;/p&gt;&apos;
Screenshot: file:/C:/Users/kbuch/Desktop/test-project/ui-tests/build/reports/tests/1626872086487.3.png
Page source: file:/C:/Users/kbuch/Desktop/test-project/ui-tests/build/reports/tests/1626872086487.3.html
Timeout: 4 s.
	at com.codeborne.selenide.impl.WebElementSource.checkCondition(WebElementSource.java:121)
	at com.codeborne.selenide.commands.Should.execute(Should.java:30)
	at com.codeborne.selenide.commands.Should.execute(Should.java:14)
	at com.codeborne.selenide.commands.Commands.execute(Commands.java:155)
	at com.codeborne.selenide.impl.SelenideElementProxy.dispatchAndRetry(SelenideElementProxy.java:133)
	at com.codeborne.selenide.impl.SelenideElementProxy.invoke(SelenideElementProxy.java:85)
	at com.sun.proxy.$Proxy3.shouldHave(Unknown Source)
	at com.seasy.ui.pages.RadioButtonsPage.verifySingleRadioButtonIsNotSelected(RadioButtonsPage.java:50)
	at com.seasy.ui.tests.RadioButtonPageTest.checkUnselectedValue(RadioButtonPageTest.java:27)
	at java.util.ArrayList.forEach(ArrayList.java:1259)
... Removed 32 stack frames</pre></div><a href='#' onClick='toggleBox("stack-trace124581953", this, "Click to show all stack frames", "Click to hide stack frames")'>Click to show all stack frames</a>
<div class='stack-trace' id='stack-trace124581953'><pre>Element should have text &apos;Radio button is Not checked&apos; {.groupradiobutton}
Element: &apos;&lt;p class=&quot;groupradiobutton&quot; displayed:false&gt;&lt;/p&gt;&apos;
Screenshot: file:/C:/Users/kbuch/Desktop/test-project/ui-tests/build/reports/tests/1626872086487.3.png
Page source: file:/C:/Users/kbuch/Desktop/test-project/ui-tests/build/reports/tests/1626872086487.3.html
Timeout: 4 s.
	at com.codeborne.selenide.impl.WebElementSource.checkCondition(WebElementSource.java:121)
	at com.codeborne.selenide.commands.Should.execute(Should.java:30)
	at com.codeborne.selenide.commands.Should.execute(Should.java:14)
	at com.codeborne.selenide.commands.Commands.execute(Commands.java:155)
	at com.codeborne.selenide.impl.SelenideElementProxy.dispatchAndRetry(SelenideElementProxy.java:133)
	at com.codeborne.selenide.impl.SelenideElementProxy.invoke(SelenideElementProxy.java:85)
	at com.sun.proxy.$Proxy3.shouldHave(Unknown Source)
	at com.seasy.ui.pages.RadioButtonsPage.verifySingleRadioButtonIsNotSelected(RadioButtonsPage.java:50)
	at com.seasy.ui.tests.RadioButtonPageTest.checkUnselectedValue(RadioButtonPageTest.java:27)
	at sun.reflect.NativeMethodAccessorImpl.invoke0(Native Method)
	at sun.reflect.NativeMethodAccessorImpl.invoke(NativeMethodAccessorImpl.java:62)
	at sun.reflect.DelegatingMethodAccessorImpl.invoke(DelegatingMethodAccessorImpl.java:43)
	at java.lang.reflect.Method.invoke(Method.java:498)
	at org.testng.internal.MethodInvocationHelper.invokeMethod(MethodInvocationHelper.java:133)
	at org.testng.internal.TestInvoker.invokeMethod(TestInvoker.java:598)
	at org.testng.internal.TestInvoker.invokeTestMethod(TestInvoker.java:173)
	at org.testng.internal.MethodRunner.runInSequence(MethodRunner.java:46)
	at org.testng.internal.TestInvoker$MethodInvocationAgent.invoke(TestInvoker.java:824)
	at org.testng.internal.TestInvoker.invokeTestMethods(TestInvoker.java:146)
	at org.testng.internal.TestMethodWorker.invokeTestMethods(TestMethodWorker.java:146)
	at org.testng.internal.TestMethodWorker.run(TestMethodWorker.java:128)
	at java.util.ArrayList.forEach(ArrayList.java:1259)
	at org.testng.TestRunner.privateRun(TestRunner.java:794)
	at org.testng.TestRunner.run(TestRunner.java:596)
	at org.testng.SuiteRunner.runTest(SuiteRunner.java:377)
	at org.testng.SuiteRunner.runSequentially(SuiteRunner.java:371)
	at org.testng.SuiteRunner.privateRun(SuiteRunner.java:332)
	at org.testng.SuiteRunner.run(SuiteRunner.java:276)
	at org.testng.SuiteRunnerWorker.runSuite(SuiteRunnerWorker.java:53)
	at org.testng.SuiteRunnerWorker.run(SuiteRunnerWorker.java:96)
	at org.testng.TestNG.runSuitesSequentially(TestNG.java:1212)
	at org.testng.TestNG.runSuitesLocally(TestNG.java:1134)
	at org.testng.TestNG.runSuites(TestNG.java:1063)
	at org.testng.TestNG.run(TestNG.java:1031)
	at org.apache.maven.surefire.testng.TestNGExecutor.run(TestNGExecutor.java:135)
	at org.apache.maven.surefire.testng.TestNGDirectoryTestSuite.executeMulti(TestNGDirectoryTestSuite.java:193)
	at org.apache.maven.surefire.testng.TestNGDirectoryTestSuite.execute(TestNGDirectoryTestSuite.java:94)
	at org.apache.maven.surefire.testng.TestNGProvider.invoke(TestNGProvider.java:146)
	at org.apache.maven.surefire.booter.ForkedBooter.invokeProviderInSameClassLoader(ForkedBooter.java:384)
	at org.apache.maven.surefire.booter.ForkedBooter.runSuitesInProcess(ForkedBooter.java:345)
	at org.apache.maven.surefire.booter.ForkedBooter.execute(ForkedBooter.java:126)
	at org.apache.maven.surefire.booter.ForkedBooter.main(ForkedBooter.java:418)
</pre></div></td>
<td>4</td>
<td>com.seasy.ui.tests.RadioButtonPageTest@5abca1e0</td></tr>
<tr>
<td title='com.seasy.ui.tests.CheckBoxTest.checkMultipleCheckBox1IsSelected()'><b>checkMultipleCheckBox1IsSelected</b><br>Test class: com.seasy.ui.tests.CheckBoxTest</td>
<td><div><pre>Element should selected {By.xpath: //div[@class=&quot;panel panel-default&quot;][contains(., &quot;Multiple Checkbox Demo&quot;)]/By.xpath: ../.checkbox.findBy(text &apos;Option 1&apos;)/input}
Element: &apos;&lt;input class=&quot;cb1-element&quot; type=&quot;checkbox&quot; value&gt;&lt;/input&gt;&apos;
Actual value: false
Screenshot: file:/C:/Users/kbuch/Desktop/test-project/ui-tests/build/reports/tests/1626872073691.1.png
Page source: file:/C:/Users/kbuch/Desktop/test-project/ui-tests/build/reports/tests/1626872073691.1.html
Timeout: 4 s.
	at com.codeborne.selenide.impl.WebElementSource.checkCondition(WebElementSource.java:121)
	at com.codeborne.selenide.commands.Should.execute(Should.java:30)
	at com.codeborne.selenide.commands.Should.execute(Should.java:14)
	at com.codeborne.selenide.commands.Commands.execute(Commands.java:155)
	at com.codeborne.selenide.impl.SelenideElementProxy.dispatchAndRetry(SelenideElementProxy.java:133)
	at com.codeborne.selenide.impl.SelenideElementProxy.invoke(SelenideElementProxy.java:85)
	at com.sun.proxy.$Proxy3.should(Unknown Source)
	at com.seasy.ui.pages.CheckBoxPage.verifyMultipleCheckBox1Selected(CheckBoxPage.java:47)
	at com.seasy.ui.tests.CheckBoxTest.checkMultipleCheckBox1IsSelected(CheckBoxTest.java:34)
	at java.util.ArrayList.forEach(ArrayList.java:1259)
... Removed 32 stack frames</pre></div><a href='#' onClick='toggleBox("stack-trace1689717017", this, "Click to show all stack frames", "Click to hide stack frames")'>Click to show all stack frames</a>
<div class='stack-trace' id='stack-trace1689717017'><pre>Element should selected {By.xpath: //div[@class=&quot;panel panel-default&quot;][contains(., &quot;Multiple Checkbox Demo&quot;)]/By.xpath: ../.checkbox.findBy(text &apos;Option 1&apos;)/input}
Element: &apos;&lt;input class=&quot;cb1-element&quot; type=&quot;checkbox&quot; value&gt;&lt;/input&gt;&apos;
Actual value: false
Screenshot: file:/C:/Users/kbuch/Desktop/test-project/ui-tests/build/reports/tests/1626872073691.1.png
Page source: file:/C:/Users/kbuch/Desktop/test-project/ui-tests/build/reports/tests/1626872073691.1.html
Timeout: 4 s.
	at com.codeborne.selenide.impl.WebElementSource.checkCondition(WebElementSource.java:121)
	at com.codeborne.selenide.commands.Should.execute(Should.java:30)
	at com.codeborne.selenide.commands.Should.execute(Should.java:14)
	at com.codeborne.selenide.commands.Commands.execute(Commands.java:155)
	at com.codeborne.selenide.impl.SelenideElementProxy.dispatchAndRetry(SelenideElementProxy.java:133)
	at com.codeborne.selenide.impl.SelenideElementProxy.invoke(SelenideElementProxy.java:85)
	at com.sun.proxy.$Proxy3.should(Unknown Source)
	at com.seasy.ui.pages.CheckBoxPage.verifyMultipleCheckBox1Selected(CheckBoxPage.java:47)
	at com.seasy.ui.tests.CheckBoxTest.checkMultipleCheckBox1IsSelected(CheckBoxTest.java:34)
	at sun.reflect.NativeMethodAccessorImpl.invoke0(Native Method)
	at sun.reflect.NativeMethodAccessorImpl.invoke(NativeMethodAccessorImpl.java:62)
	at sun.reflect.DelegatingMethodAccessorImpl.invoke(DelegatingMethodAccessorImpl.java:43)
	at java.lang.reflect.Method.invoke(Method.java:498)
	at org.testng.internal.MethodInvocationHelper.invokeMethod(MethodInvocationHelper.java:133)
	at org.testng.internal.TestInvoker.invokeMethod(TestInvoker.java:598)
	at org.testng.internal.TestInvoker.invokeTestMethod(TestInvoker.java:173)
	at org.testng.internal.MethodRunner.runInSequence(MethodRunner.java:46)
	at org.testng.internal.TestInvoker$MethodInvocationAgent.invoke(TestInvoker.java:824)
	at org.testng.internal.TestInvoker.invokeTestMethods(TestInvoker.java:146)
	at org.testng.internal.TestMethodWorker.invokeTestMethods(TestMethodWorker.java:146)
	at org.testng.internal.TestMethodWorker.run(TestMethodWorker.java:128)
	at java.util.ArrayList.forEach(ArrayList.java:1259)
	at org.testng.TestRunner.privateRun(TestRunner.java:794)
	at org.testng.TestRunner.run(TestRunner.java:596)
	at org.testng.SuiteRunner.runTest(SuiteRunner.java:377)
	at org.testng.SuiteRunner.runSequentially(SuiteRunner.java:371)
	at org.testng.SuiteRunner.privateRun(SuiteRunner.java:332)
	at org.testng.SuiteRunner.run(SuiteRunner.java:276)
	at org.testng.SuiteRunnerWorker.runSuite(SuiteRunnerWorker.java:53)
	at org.testng.SuiteRunnerWorker.run(SuiteRunnerWorker.java:96)
	at org.testng.TestNG.runSuitesSequentially(TestNG.java:1212)
	at org.testng.TestNG.runSuitesLocally(TestNG.java:1134)
	at org.testng.TestNG.runSuites(TestNG.java:1063)
	at org.testng.TestNG.run(TestNG.java:1031)
	at org.apache.maven.surefire.testng.TestNGExecutor.run(TestNGExecutor.java:135)
	at org.apache.maven.surefire.testng.TestNGDirectoryTestSuite.executeMulti(TestNGDirectoryTestSuite.java:193)
	at org.apache.maven.surefire.testng.TestNGDirectoryTestSuite.execute(TestNGDirectoryTestSuite.java:94)
	at org.apache.maven.surefire.testng.TestNGProvider.invoke(TestNGProvider.java:146)
	at org.apache.maven.surefire.booter.ForkedBooter.invokeProviderInSameClassLoader(ForkedBooter.java:384)
	at org.apache.maven.surefire.booter.ForkedBooter.runSuitesInProcess(ForkedBooter.java:345)
	at org.apache.maven.surefire.booter.ForkedBooter.execute(ForkedBooter.java:126)
	at org.apache.maven.surefire.booter.ForkedBooter.main(ForkedBooter.java:418)
</pre></div></td>
<td>4</td>
<td>com.seasy.ui.tests.CheckBoxTest@a67c67e</td></tr>
</table><p>
<table width='100%' border='1' class='invocation-passed'>
<tr><td colspan='4' align='center'><b>PASSED TESTS</b></td></tr>
<tr><td><b>Test method</b></td>
<td width="30%"><b>Exception</b></td>
<td width="10%"><b>Time (seconds)</b></td>
<td><b>Instance</b></td>
</tr>
<tr>
<td title='com.seasy.ui.tests.RadioButtonPageTest.checkFemaleGenderAndZeroToFiveAgeGroup()'><b>checkFemaleGenderAndZeroToFiveAgeGroup</b><br>Test class: com.seasy.ui.tests.RadioButtonPageTest<br>Test method: Check 'Female' gender and '0-5' age group</td>
<td></td>
<td>0</td>
<td>com.seasy.ui.tests.RadioButtonPageTest@5abca1e0</td></tr>
<tr>
<td title='com.seasy.ui.tests.RadioButtonPageTest.checkMaleGenderAndFiveToFifteenAgeGroup()'><b>checkMaleGenderAndFiveToFifteenAgeGroup</b><br>Test class: com.seasy.ui.tests.RadioButtonPageTest<br>Test method: Check 'Male' gender and '5-15' age group</td>
<td></td>
<td>0</td>
<td>com.seasy.ui.tests.RadioButtonPageTest@5abca1e0</td></tr>
<tr>
<td title='com.seasy.ui.tests.RadioButtonPageTest.checkSelectMaleRadioButton()'><b>checkSelectMaleRadioButton</b><br>Test class: com.seasy.ui.tests.RadioButtonPageTest</td>
<td></td>
<td>0</td>
<td>com.seasy.ui.tests.RadioButtonPageTest@5abca1e0</td></tr>
<tr>
<td title='com.seasy.ui.tests.SimpleFormTest.checkTotalResultWithIntegerVeluesTest()'><b>checkTotalResultWithIntegerVeluesTest</b><br>Test class: com.seasy.ui.tests.SimpleFormTest</td>
<td></td>
<td>0</td>
<td>com.seasy.ui.tests.SimpleFormTest@2286778</td></tr>
<tr>
<td title='com.seasy.ui.tests.CheckBoxTest.checkUnselectedCheckBox()'><b>checkUnselectedCheckBox</b><br>Test class: com.seasy.ui.tests.CheckBoxTest</td>
<td></td>
<td>0</td>
<td>com.seasy.ui.tests.CheckBoxTest@a67c67e</td></tr>
<tr>
<td title='com.seasy.ui.tests.SimpleFormTest.checkEmptyMessageTest()'><b>checkEmptyMessageTest</b><br>Test class: com.seasy.ui.tests.SimpleFormTest</td>
<td></td>
<td>1</td>
<td>com.seasy.ui.tests.SimpleFormTest@2286778</td></tr>
<tr>
<td title='com.seasy.ui.tests.SimpleFormTest.checkTotalResultWithEmptyFieldsTest()'><b>checkTotalResultWithEmptyFieldsTest</b><br>Test class: com.seasy.ui.tests.SimpleFormTest</td>
<td></td>
<td>0</td>
<td>com.seasy.ui.tests.SimpleFormTest@2286778</td></tr>
<tr>
<td title='com.seasy.ui.tests.SimpleFormTest.checkTotalResultWithSrtingValuesTest()'><b>checkTotalResultWithSrtingValuesTest</b><br>Test class: com.seasy.ui.tests.SimpleFormTest</td>
<td></td>
<td>0</td>
<td>com.seasy.ui.tests.SimpleFormTest@2286778</td></tr>
<tr>
<td title='com.seasy.ui.tests.CheckBoxTest.checkUnselectOfSelectedCheckBoxTest()'><b>checkUnselectOfSelectedCheckBoxTest</b><br>Test class: com.seasy.ui.tests.CheckBoxTest</td>
<td></td>
<td>0</td>
<td>com.seasy.ui.tests.CheckBoxTest@a67c67e</td></tr>
<tr>
<td title='com.seasy.ui.tests.SimpleFormTest.checkYourMessageTest()'><b>checkYourMessageTest</b><br>Test class: com.seasy.ui.tests.SimpleFormTest</td>
<td></td>
<td>0</td>
<td>com.seasy.ui.tests.SimpleFormTest@2286778</td></tr>
<tr>
<td title='com.seasy.ui.tests.CheckBoxTest.checkOneCheckboxIsUnselected()'><b>checkOneCheckboxIsUnselected</b><br>Test class: com.seasy.ui.tests.CheckBoxTest</td>
<td></td>
<td>0</td>
<td>com.seasy.ui.tests.CheckBoxTest@a67c67e</td></tr>
<tr>
<td title='com.seasy.ui.tests.DropDownTests.checkSelectedCity()'><b>checkSelectedCity</b><br>Test class: com.seasy.ui.tests.DropDownTests<br>Parameters: Ohio</td>
<td></td>
<td>0</td>
<td>com.seasy.ui.tests.DropDownTests@3632be31</td></tr>
<tr>
<td title='com.seasy.ui.tests.RadioButtonPageTest.checkSelectedFemaleRadioButton()'><b>checkSelectedFemaleRadioButton</b><br>Test class: com.seasy.ui.tests.RadioButtonPageTest</td>
<td></td>
<td>0</td>
<td>com.seasy.ui.tests.RadioButtonPageTest@5abca1e0</td></tr>
<tr>
<td title='com.seasy.ui.tests.CheckBoxTest.selectSingleCheckBoxTest()'><b>selectSingleCheckBoxTest</b><br>Test class: com.seasy.ui.tests.CheckBoxTest</td>
<td></td>
<td>0</td>
<td>com.seasy.ui.tests.CheckBoxTest@a67c67e</td></tr>
</table><p>
</body>
</html>